0x7ffd02e0a290:  1 1634032983067
Call OnTimer 1
删除对象 :0x7ffd02e0a290 --- >1
现在删除 
LBTimer::ProcessTimer 事件被删除
0x7ffd02e0a298:  2 1634032983068
Call OnTimer 2
删除对象 :0x7ffd02e0a298 --- >2
现在删除 
LBTimer::ProcessTimer 事件被删除
0x7ffd02e0a2a0:  3 1634032983069
Call OnTimer 3
删除对象 :0x7ffd02e0a2a0 --- >3
现在删除 
LBTimer::ProcessTimer 事件被删除
0x7ffd02e0a2a8:  4 1634032983070
Call OnTimer 4
删除对象 :0x7ffd02e0a2a8 --- >4
现在删除 
LBTimer::ProcessTimer 事件被删除
0x7ffd02e0a2b0:  5 1634032983071
Call OnTimer 5
删除对象 :0x7ffd02e0a2b0 --- >5
现在删除 
LBTimer::ProcessTimer 事件被删除
0x7ffc9df42e70:  1 1634033096825
Call OnTimer 1
0x7ffe46d76b00:  1 1634033152803
Call OnTimer 1
删除对象 :0x7ffe46d76b00 --- >1
现在删除 
LBTimer::ProcessTimer 事件被删除
0x7ffe46d76b08:  2 1634033152804
Call OnTimer 2
删除对象 :0x7ffe46d76b08 --- >2
现在删除 
LBTimer::ProcessTimer 事件被删除
0x7ffe46d76b10:  3 1634033152805
Call OnTimer 3
删除对象 :0x7ffe46d76b10 --- >3
现在删除 
LBTimer::ProcessTimer 事件被删除
0x7ffe46d76b18:  4 1634033152806
Call OnTimer 4
删除对象 :0x7ffe46d76b18 --- >4
现在删除 
LBTimer::ProcessTimer 事件被删除
0x7ffe46d76b20:  5 1634033152807
Call OnTimer 5
删除对象 :0x7ffe46d76b20 --- >5
现在删除 
LBTimer::ProcessTimer 事件被删除
3.14159
0x7ffd51f0fbc0:  1 1634040013707
Call OnTimer 1
LBTimer::ProcessTimer 事件被删除
0x7ffd51f0fbc8:  2 1634040013709
Call OnTimer 2
LBTimer::ProcessTimer 事件被删除
0x7ffd51f0fbd0:  3 1634040013710
Call OnTimer 3
LBTimer::ProcessTimer 事件被删除
0x7ffd51f0fbd8:  4 1634040013711
Call OnTimer 4
LBTimer::ProcessTimer 事件被删除
0x7ffd51f0fbe0:  5 1634040013712
Call OnTimer 5
LBTimer::ProcessTimer 事件被删除
3.14159
0x7fff1a445240:  1 1634040165552
Call OnTimer 1
LBTimer::ProcessTimer 事件被删除
0x7fff1a445248:  2 1634040165553
Call OnTimer 2
LBTimer::ProcessTimer 事件被删除
0x7fff1a445250:  3 1634040165554
Call OnTimer 3
LBTimer::ProcessTimer 事件被删除
0x7fff1a445258:  4 1634040165555
Call OnTimer 4
LBTimer::ProcessTimer 事件被删除
0x7fff1a445260:  5 1634040165556
Call OnTimer 5
LBTimer::ProcessTimer 事件被删除
0x7ffcb6ae3d40:  1 1634040739793
Call OnTimer 1
LBTimer::ProcessTimer 事件被删除
0x7ffcb6ae3d48:  2 1634040739794
Call OnTimer 2
LBTimer::ProcessTimer 事件被删除
0x7ffcb6ae3d50:  3 1634040739795
Call OnTimer 3
LBTimer::ProcessTimer 事件被删除
0x7ffcb6ae3d58:  4 1634040739796
Call OnTimer 4
LBTimer::ProcessTimer 事件被删除
0x7ffcb6ae3d60:  5 1634040739797
Call OnTimer 5
LBTimer::ProcessTimer 事件被删除
